<?xml version="1.0" encoding="UTF-8"?>
<!-- Generated by org.testng.reporters.JUnitReportReporter -->
<testsuite hostname="alkesh-asus" name="com.easybix.DDF.Tests.LoginTest" tests="1" failures="0" timestamp="2 Oct 2016 07:24:21 GMT" time="17.618" errors="0">
  <testcase name="sampleTest" time="17.618" classname="com.easybix.DDF.Tests.LoginTest"/>
</testsuite> <!-- com.easybix.DDF.Tests.LoginTest -->
