<?xml version="1.0" encoding="UTF-8"?>
<!-- Generated by org.testng.reporters.JUnitReportReporter -->
<testsuite hostname="alkesh-asus" name="com.easybix.DDF.Tests.SampleTest" tests="1" failures="0" timestamp="2 Oct 2016 06:19:01 GMT" time="0.010" errors="0">
  <testcase name="sampleTest" time="0.010" classname="com.easybix.DDF.Tests.SampleTest"/>
</testsuite> <!-- com.easybix.DDF.Tests.SampleTest -->
