<?xml version="1.0" encoding="UTF-8"?>
<!-- Generated by org.testng.reporters.JUnitReportReporter -->
<testsuite hostname="alkesh-asus" name="com.easybix.DDF.core.TestBase" tests="1" failures="0" timestamp="2 Oct 2016 07:11:34 GMT" time="8.338" errors="0">
  <testcase name="init" time="8.338" classname="com.easybix.DDF.core.TestBase"/>
</testsuite> <!-- com.easybix.DDF.core.TestBase -->
