<?xml version="1.0" encoding="UTF-8"?>
<!-- Generated by org.testng.reporters.JUnitReportReporter -->
<testsuite hostname="alkesh-asus" name="com.easybix.DDF.Tests.LoginTest" tests="1" failures="0" timestamp="9 Oct 2016 06:04:26 GMT" time="23.641" errors="0">
  <testcase name="doLogin" time="23.641" classname="com.easybix.DDF.Tests.LoginTest"/>
</testsuite> <!-- com.easybix.DDF.Tests.LoginTest -->
